<?xml version="1.0" encoding="UTF-8"?>
<testsuite xmlns:xsi="http://www.w3.org/2001/XMLSchema-instance" xsi:noNamespaceSchemaLocation="https://maven.apache.org/surefire/maven-surefire-plugin/xsd/surefire-test-report-3.0.xsd" version="3.0" name="me.proggy.proggywebservices.TestDbResourceTest" time="1.972" tests="2" errors="0" skipped="0" failures="0">
  <properties>
[...]
</properties>
  <testcase name="getTest" classname="me.proggy.proggywebservices.TestDbResourceTest" time="1.504"/>
  <testcase name="postTest" classname="me.proggy.proggywebservices.TestDbResourceTest" time="0.3"/>
</testsuite>